C51 COMPILER V9.02   OS_CORE                                                               02/16/2017 12:44:25 PAGE 1   


C51 COMPILER V9.02, COMPILATION OF MODULE OS_CORE
OBJECT MODULE PLACED IN .\bin\obj\OS_CORE.obj
COMPILER INVOKED BY: C:\Keil\C51\BIN\C51.EXE src\kernel\OS_CORE.C LARGE WARNINGLEVEL(0) OPTIMIZE(SIZE) REGFILE(.\bin\obj
                    -\kernel.ORC) BROWSE ORDER NOAREGS INCDIR(src\include) DEBUG OBJECTEXTEND NOCOND PRINT(.\bin\lst\OS_CORE.lst) OBJECT(.\bi
                    -n\obj\OS_CORE.obj)

line level    source

   1          /*
   2          *********************************************************************************************************
   3          *                                                uC/OS-II
   4          *                                          The Real-Time Kernel
   5          *                                             CORE FUNCTIONS
   6          *
   7          *                          (c) Copyright 1992-2001, Jean J. Labrosse, Weston, FL
   8          *                                           All Rights Reserved
   9          *
  10          * File : OS_CORE.C
  11          * By   : Jean J. Labrosse
  12          *********************************************************************************************************
  13          */
  14          
  15          #ifndef  OS_MASTER_FILE
  16          #define  OS_GLOBALS
  17          #include "includes.h"
  18          #endif
  19          
  20          /*
  21          *********************************************************************************************************
  22          *                              MAPPING TABLE TO MAP BIT POSITION TO BIT MASK
  23          *
  24          * Note: Index into table is desired bit position, 0..7
  25          *       Indexed value corresponds to bit mask
  26          *********************************************************************************************************
  27          */
  28          
  29          INT8U  const  OSMapTbl[]   = {0x01, 0x02, 0x04, 0x08, 0x10, 0x20, 0x40, 0x80};
  30          
  31          /*
  32          *********************************************************************************************************
  33          *                                       PRIORITY RESOLUTION TABLE
  34          *
  35          * Note: Index into table is bit pattern to resolve highest priority
  36          *       Indexed value corresponds to highest priority bit position (i.e. 0..7)
  37          *********************************************************************************************************
  38          */
  39          
  40          INT8U  const  OSUnMapTbl[] = {
  41              0, 0, 1, 0, 2, 0, 1, 0, 3, 0, 1, 0, 2, 0, 1, 0,
  42              4, 0, 1, 0, 2, 0, 1, 0, 3, 0, 1, 0, 2, 0, 1, 0,
  43              5, 0, 1, 0, 2, 0, 1, 0, 3, 0, 1, 0, 2, 0, 1, 0,
  44              4, 0, 1, 0, 2, 0, 1, 0, 3, 0, 1, 0, 2, 0, 1, 0,
  45              6, 0, 1, 0, 2, 0, 1, 0, 3, 0, 1, 0, 2, 0, 1, 0,
  46              4, 0, 1, 0, 2, 0, 1, 0, 3, 0, 1, 0, 2, 0, 1, 0,
  47              5, 0, 1, 0, 2, 0, 1, 0, 3, 0, 1, 0, 2, 0, 1, 0,
  48              4, 0, 1, 0, 2, 0, 1, 0, 3, 0, 1, 0, 2, 0, 1, 0,
  49              7, 0, 1, 0, 2, 0, 1, 0, 3, 0, 1, 0, 2, 0, 1, 0,
  50              4, 0, 1, 0, 2, 0, 1, 0, 3, 0, 1, 0, 2, 0, 1, 0,
  51              5, 0, 1, 0, 2, 0, 1, 0, 3, 0, 1, 0, 2, 0, 1, 0,
  52              4, 0, 1, 0, 2, 0, 1, 0, 3, 0, 1, 0, 2, 0, 1, 0,
  53              6, 0, 1, 0, 2, 0, 1, 0, 3, 0, 1, 0, 2, 0, 1, 0,
C51 COMPILER V9.02   OS_CORE                                                               02/16/2017 12:44:25 PAGE 2   

  54              4, 0, 1, 0, 2, 0, 1, 0, 3, 0, 1, 0, 2, 0, 1, 0,
  55              5, 0, 1, 0, 2, 0, 1, 0, 3, 0, 1, 0, 2, 0, 1, 0,
  56              4, 0, 1, 0, 2, 0, 1, 0, 3, 0, 1, 0, 2, 0, 1, 0
  57          };
  58          /*$PAGE*/
  59          /*
  60          *********************************************************************************************************
  61          *                                             INITIALIZATION
  62          *
  63          * Description: This function is used to initialize the internals of uC/OS-II and MUST be called prior to
  64          *              creating any uC/OS-II object and, prior to calling OSStart().
  65          *
  66          * Arguments  : none
  67          *
  68          * Returns    : none
  69          *********************************************************************************************************
  70          */
  71          
  72          void  OSInit (void) KCREENTRANT
  73          {
  74   1          INT16U     i;
  75   1          INT8U     *prdytbl;
  76   1          OS_TCB    *ptcb1;
  77   1          OS_TCB    *ptcb2;
  78   1      #if (OS_EVENT_EN > 0) && (OS_MAX_EVENTS > 1)
  79   1          OS_EVENT  *pevent1;
  80   1          OS_EVENT  *pevent2;
  81   1      #endif
  82   1      
  83   1      
  84   1      #if OS_VERSION >= 204
  85   1          OSInitHookBegin();                                           /* Call port specific initialization code
             -   */
  86   1      #endif
  87   1      
  88   1      #if OS_TIME_GET_SET_EN > 0   
  91   1          OSIntNesting  = 0;                                           /* Clear the interrupt nesting counter   
             -   */
  92   1          OSLockNesting = 0;                                           /* Clear the scheduling lock counter     
             -   */
  93   1          OSTaskCtr     = 0;                                           /* Clear the number of tasks             
             -   */
  94   1          OSRunning     = FALSE;                                       /* Indicate that multitasking not started
             -   */
  95   1          OSIdleCtr     = 0L;                                          /* Clear the 32-bit idle counter         
             -   */
  96   1      #if (OS_TASK_STAT_EN > 0) && (OS_TASK_CREATE_EXT_EN > 0)
 101   1          OSCtxSwCtr    = 0;                                           /* Clear the context switch counter      
             -   */
 102   1          OSRdyGrp      = 0x00;                                        /* Clear the ready list                  
             -   */
 103   1          prdytbl       = &OSRdyTbl[0];
 104   1          for (i = 0; i < OS_RDY_TBL_SIZE; i++) {
 105   2              *prdytbl++ = 0x00;
 106   2          }
 107   1      
 108   1          OSPrioCur     = 0;
 109   1          OSPrioHighRdy = 0;
 110   1          OSTCBHighRdy  = (OS_TCB *)0;                                 /* TCB Initialization                    
             -   */
 111   1          OSTCBCur      = (OS_TCB *)0;
 112   1          OSTCBList     = (OS_TCB *)0;
C51 COMPILER V9.02   OS_CORE                                                               02/16/2017 12:44:25 PAGE 3   

 113   1          for (i = 0; i < (OS_LOWEST_PRIO + 1); i++) {                 /* Clear the priority table              
             -   */
 114   2              OSTCBPrioTbl[i] = (OS_TCB *)0;
 115   2          }
 116   1          ptcb1 = &OSTCBTbl[0];
 117   1          ptcb2 = &OSTCBTbl[1];
 118   1          for (i = 0; i < (OS_MAX_TASKS + OS_N_SYS_TASKS - 1); i++) {  /* Init. list of free TCBs               
             -   */
 119   2              ptcb1->OSTCBNext = ptcb2;
 120   2              ptcb1++;
 121   2              ptcb2++;
 122   2          }
 123   1          ptcb1->OSTCBNext = (OS_TCB *)0;                              /* Last OS_TCB                           
             -   */
 124   1          OSTCBFreeList    = &OSTCBTbl[0];
 125   1      
 126   1      #if (OS_EVENT_EN > 0) && (OS_MAX_EVENTS > 0)
 127   1          #if OS_MAX_EVENTS == 1                                       
 132   1          pevent1 = &OSEventTbl[0];
 133   1          pevent2 = &OSEventTbl[1];
 134   1          for (i = 0; i < (OS_MAX_EVENTS - 1); i++) {                  /* Init. list of free EVENT control block
             -s  */
 135   2              pevent1->OSEventType = OS_EVENT_TYPE_UNUSED;
 136   2              pevent1->OSEventPtr  = pevent2;
 137   2              pevent1++;
 138   2              pevent2++;
 139   2          }
 140   1          pevent1->OSEventType = OS_EVENT_TYPE_UNUSED;
 141   1          pevent1->OSEventPtr  = (OS_EVENT *)0;
 142   1          OSEventFreeList      = &OSEventTbl[0];
 143   1          #endif
 144   1      #endif
 145   1      
 146   1      #if (OS_VERSION >= 251) && (OS_FLAG_EN > 0) && (OS_MAX_FLAGS > 0)
 149   1      
 150   1      #if (OS_Q_EN > 0) && (OS_MAX_QS > 0)
 153   1      
 154   1      #if (OS_MEM_EN > 0) && (OS_MAX_MEM_PART > 0)
 157   1      
 158   1          /* ------------------------------------- CREATION OF 'IDLE' TASK -------------------------------------
             --- */
 159   1      #if OS_TASK_CREATE_EXT_EN > 0
 182   1          #if OS_STK_GROWTH == 1
 183   1          (void)OSTaskCreate(OS_TaskIdle,
 184   1                             (void *)0,
 185   1                             &OSTaskIdleStk[OS_TASK_IDLE_STK_SIZE - 1],
 186   1                             OS_IDLE_PRIO);
 187   1          #else
 193   1      #endif
 194   1      
 195   1          /* ------------------------------- CREATION OF 'STATISTIC' TASK ---------------------------------- */
 196   1      #if OS_TASK_STAT_EN > 0
 233   1      
 234   1      #if OS_VERSION >= 204
 235   1          OSInitHookEnd();                                                       /* Call port specific init. cod
             -e  */
 236   1      #endif
 237   1      }
 238          /*$PAGE*/
 239          /*
 240          *********************************************************************************************************
 241          *                                              ENTER ISR
C51 COMPILER V9.02   OS_CORE                                                               02/16/2017 12:44:25 PAGE 4   

 242          *
 243          * Description: This function is used to notify uC/OS-II that you are about to service an interrupt
 244          *              service routine (ISR).  This allows uC/OS-II to keep track of interrupt nesting and thus
 245          *              only perform rescheduling at the last nested ISR.
 246          *
 247          * Arguments  : none
 248          *
 249          * Returns    : none
 250          *
 251          * Notes      : 1) Your ISR can directly increment OSIntNesting without calling this function because
 252          *                 OSIntNesting has been declared 'global'.  You MUST, however, be sure that the increment
 253          *                 is performed 'indivisibly' by your processor to ensure proper access to this critical
 254          *                 resource.
 255          *              2) You MUST still call OSIntExit() even though you increment OSIntNesting directly.
 256          *              3) You MUST invoke OSIntEnter() and OSIntExit() in pair.  In other words, for every call
 257          *                 to OSIntEnter() at the beginning of the ISR you MUST have a call to OSIntExit() at the
 258          *                 end of the ISR.
 259          *********************************************************************************************************
 260          */
 261          
 262          void  OSIntEnter (void) KCREENTRANT
 263          {
 264   1      #if OS_CRITICAL_METHOD == 3                      /* Allocate storage for CPU status register           */
 267   1          
 268   1          
 269   1          OS_ENTER_CRITICAL();
 270   1          if (OSIntNesting < 255) {
 271   2              OSIntNesting++;                          /* Increment ISR nesting level                        */
 272   2          }
 273   1          OS_EXIT_CRITICAL();
 274   1      }
 275          /*$PAGE*/
 276          /*
 277          *********************************************************************************************************
 278          *                                               EXIT ISR
 279          *
 280          * Description: This function is used to notify uC/OS-II that you have completed serviving an ISR.  When
 281          *              the last nested ISR has completed, uC/OS-II will call the scheduler to determine whether
 282          *              a new, high-priority task, is ready to run.
 283          *
 284          * Arguments  : none
 285          *
 286          * Returns    : none
 287          *
 288          * Notes      : 1) You MUST invoke OSIntEnter() and OSIntExit() in pair.  In other words, for every call
 289          *                 to OSIntEnter() at the beginning of the ISR you MUST have a call to OSIntExit() at the
 290          *                 end of the ISR.
 291          *              2) Rescheduling is prevented when the scheduler is locked (see OSSchedLock())
 292          *********************************************************************************************************
 293          */
 294          
 295          void  OSIntExit (void) KCREENTRANT
 296          {
 297   1      #if OS_CRITICAL_METHOD == 3                            /* Allocate storage for CPU status register     */
 300   1          
 301   1          
 302   1          OS_ENTER_CRITICAL();
 303   1          if (OSIntNesting > 0) {                            /* Prevent OSIntNesting from wrapping           */
 304   2              OSIntNesting--;
 305   2          }
 306   1          if ((OSIntNesting == 0) && (OSLockNesting == 0)) { /* Reschedule only if all ISRs complete ...     */
 307   2              OSIntExitY    = OSUnMapTbl[OSRdyGrp];          /* ... and not locked.                          */
C51 COMPILER V9.02   OS_CORE                                                               02/16/2017 12:44:25 PAGE 5   

 308   2              OSPrioHighRdy = (INT8U)((OSIntExitY << 3) + OSUnMapTbl[OSRdyTbl[OSIntExitY]]);
 309   2              if (OSPrioHighRdy != OSPrioCur) {              /* No Ctx Sw if current task is highest rdy     */
 310   3                  OSTCBHighRdy  = OSTCBPrioTbl[OSPrioHighRdy];
 311   3                  OSCtxSwCtr++;                              /* Keep track of the number of context switches */
 312   3                  OSIntCtxSw();                              /* Perform interrupt level context switch       */
 313   3              }
 314   2          }
 315   1          OS_EXIT_CRITICAL();
 316   1      }
 317          /*$PAGE*/
 318          /*
 319          *********************************************************************************************************
 320          *                                          PREVENT SCHEDULING
 321          *
 322          * Description: This function is used to prevent rescheduling to take place.  This allows your application
 323          *              to prevent context switches until you are ready to permit context switching.
 324          *
 325          * Arguments  : none
 326          *
 327          * Returns    : none
 328          *
 329          * Notes      : 1) You MUST invoke OSSchedLock() and OSSchedUnlock() in pair.  In other words, for every
 330          *                 call to OSSchedLock() you MUST have a call to OSSchedUnlock().
 331          *********************************************************************************************************
 332          */
 333          
 334          #if OS_SCHED_LOCK_EN > 0
 335          void  OSSchedLock (void) KCREENTRANT
 336          {
 337   1      #if OS_CRITICAL_METHOD == 3                      /* Allocate storage for CPU status register           */
 340   1          
 341   1          
 342   1          if (OSRunning == TRUE) {                     /* Make sure multitasking is running                  */
 343   2              OS_ENTER_CRITICAL();
 344   2              if (OSLockNesting < 255) {               /* Prevent OSLockNesting from wrapping back to 0      */
 345   3                  OSLockNesting++;                     /* Increment lock nesting level                       */
 346   3              }
 347   2              OS_EXIT_CRITICAL();
 348   2          }
 349   1      }
 350          #endif    
 351          
 352          /*$PAGE*/
 353          /*
 354          *********************************************************************************************************
 355          *                                          ENABLE SCHEDULING
 356          *
 357          * Description: This function is used to re-allow rescheduling.
 358          *
 359          * Arguments  : none
 360          *
 361          * Returns    : none
 362          *
 363          * Notes      : 1) You MUST invoke OSSchedLock() and OSSchedUnlock() in pair.  In other words, for every
 364          *                 call to OSSchedLock() you MUST have a call to OSSchedUnlock().
 365          *********************************************************************************************************
 366          */
 367          
 368          #if OS_SCHED_LOCK_EN > 0
 369          void  OSSchedUnlock (void) KCREENTRANT
 370          {
 371   1      #if OS_CRITICAL_METHOD == 3                                /* Allocate storage for CPU status register */
C51 COMPILER V9.02   OS_CORE                                                               02/16/2017 12:44:25 PAGE 6   

 374   1          
 375   1          
 376   1          if (OSRunning == TRUE) {                                   /* Make sure multitasking is running    */
 377   2              OS_ENTER_CRITICAL();
 378   2              if (OSLockNesting > 0) {                               /* Do not decrement if already 0        */
 379   3                  OSLockNesting--;                                   /* Decrement lock nesting level         */
 380   3                  if ((OSLockNesting == 0) && (OSIntNesting == 0)) { /* See if sched. enabled and not an ISR */
 381   4                      OS_EXIT_CRITICAL();
 382   4                      OS_Sched();                                    /* See if a HPT is ready                */
 383   4                  } else {
 384   4                      OS_EXIT_CRITICAL();
 385   4                  }
 386   3              } else {
 387   3                  OS_EXIT_CRITICAL();
 388   3              }
 389   2          }
 390   1      }
 391          #endif    
 392          
 393          /*$PAGE*/
 394          /*
 395          *********************************************************************************************************
 396          *                                          START MULTITASKING
 397          *
 398          * Description: This function is used to start the multitasking process which lets uC/OS-II manages the
 399          *              task that you have created.  Before you can call OSStart(), you MUST have called OSInit()
 400          *              and you MUST have created at least one task.
 401          *
 402          * Arguments  : none
 403          *
 404          * Returns    : none
 405          *
 406          * Note       : OSStartHighRdy() MUST:
 407          *                 a) Call OSTaskSwHook() then,
 408          *                 b) Set OSRunning to TRUE.
 409          *********************************************************************************************************
 410          */
 411          
 412          void  OSStart (void) KCREENTRANT
 413          {
 414   1          INT8U y;
 415   1          INT8U x;
 416   1      
 417   1      
 418   1          if (OSRunning == FALSE) {
 419   2              y             = OSUnMapTbl[OSRdyGrp];        /* Find highest priority's task priority number   */
 420   2              x             = OSUnMapTbl[OSRdyTbl[y]];
 421   2              OSPrioHighRdy = (INT8U)((y << 3) + x);
 422   2              OSPrioCur     = OSPrioHighRdy;
 423   2              OSTCBHighRdy  = OSTCBPrioTbl[OSPrioHighRdy]; /* Point to highest priority task ready to run    */
 424   2              OSTCBCur      = OSTCBHighRdy;
 425   2              OSStartHighRdy();                            /* Execute target specific code to start task     */
 426   2          }
 427   1      }
 428          /*$PAGE*/
 429          /*
 430          *********************************************************************************************************
 431          *                                        STATISTICS INITIALIZATION
 432          *
 433          * Description: This function is called by your application to establish CPU usage by first determining
 434          *              how high a 32-bit counter would count to in 1 second if no other tasks were to execute
 435          *              during that time.  CPU usage is then determined by a low priority task which keeps track
C51 COMPILER V9.02   OS_CORE                                                               02/16/2017 12:44:25 PAGE 7   

 436          *              of this 32-bit counter every second but this time, with other tasks running.  CPU usage is
 437          *              determined by:
 438          *
 439          *                                             OSIdleCtr
 440          *                 CPU Usage (%) = 100 * (1 - ------------)
 441          *                                            OSIdleCtrMax
 442          *
 443          * Arguments  : none
 444          *
 445          * Returns    : none
 446          *********************************************************************************************************
 447          */
 448          
 449          #if OS_TASK_STAT_EN > 0
 468          /*$PAGE*/
 469          /*
 470          *********************************************************************************************************
 471          *                                         PROCESS SYSTEM TICK
 472          *
 473          * Description: This function is used to signal to uC/OS-II the occurrence of a 'system tick' (also known
 474          *              as a 'clock tick').  This function should be called by the ticker ISR but, can also be
 475          *              called by a high priority task.
 476          *
 477          * Arguments  : none
 478          *
 479          * Returns    : none
 480          *********************************************************************************************************
 481          */
 482          
 483          void  OSTimeTick (void) KCREENTRANT
 484          {
 485   1      #if OS_CRITICAL_METHOD == 3                                /* Allocate storage for CPU status register */
 488   1          OS_TCB    *ptcb;
 489   1      
 490   1      
 491   1          OSTimeTickHook();                                      /* Call user definable hook                 */
 492   1      #if OS_TIME_GET_SET_EN > 0   
 497   1          ptcb = OSTCBList;                                      /* Point at first TCB in TCB list           */
 498   1          while (ptcb->OSTCBPrio != OS_IDLE_PRIO) {              /* Go through all TCBs in TCB list          */
 499   2              OS_ENTER_CRITICAL();
 500   2              if (ptcb->OSTCBDly != 0) {                         /* Delayed or waiting for event with TO     */
 501   3                  if (--ptcb->OSTCBDly == 0) {                   /* Decrement nbr of ticks to end of delay   */
 502   4                      if ((ptcb->OSTCBStat & OS_STAT_SUSPEND) == 0x00) {   /* Is task suspended?             */
 503   5                          OSRdyGrp               |= ptcb->OSTCBBitY; /* No,  Make task Rdy to Run (timed out)*/
 504   5                          OSRdyTbl[ptcb->OSTCBY] |= ptcb->OSTCBBitX;
 505   5                      } else {                                       /* Yes, Leave 1 tick to prevent ...     */
 506   5                          ptcb->OSTCBDly = 1;                        /* ... loosing the task when the ...    */
 507   5                      }                                              /* ... suspension is removed.           */
 508   4                  }
 509   3              }
 510   2              ptcb = ptcb->OSTCBNext;                                /* Point at next TCB in TCB list        */
 511   2              OS_EXIT_CRITICAL();
 512   2          }
 513   1      }
 514          /*$PAGE*/
 515          /*
 516          *********************************************************************************************************
 517          *                                             GET VERSION
 518          *
 519          * Description: This function is used to return the version number of uC/OS-II.  The returned value
 520          *              corresponds to uC/OS-II's version number multiplied by 100.  In other words, version 2.00
 521          *              would be returned as 200.
C51 COMPILER V9.02   OS_CORE                                                               02/16/2017 12:44:25 PAGE 8   

 522          *
 523          * Arguments  : none
 524          *
 525          * Returns    : the version number of uC/OS-II multiplied by 100.
 526          *********************************************************************************************************
 527          */
 528          
 529          INT16U  OSVersion (void) KCREENTRANT
 530          {
 531   1          return (OS_VERSION);
 532   1      }
 533          
 534          /*$PAGE*/
 535          /*
 536          *********************************************************************************************************
 537          *                                            DUMMY FUNCTION
 538          *
 539          * Description: This function doesn't do anything.  It is called by OSTaskDel().
 540          *
 541          * Arguments  : none
 542          *
 543          * Returns    : none
 544          *********************************************************************************************************
 545          */
 546          
 547          #if OS_TASK_DEL_EN > 0
 552          
 553          /*$PAGE*/
 554          /*
 555          *********************************************************************************************************
 556          *                             MAKE TASK READY TO RUN BASED ON EVENT OCCURING
 557          *
 558          * Description: This function is called by other uC/OS-II services and is used to ready a task that was
 559          *              waiting for an event to occur.
 560          *
 561          * Arguments  : pevent    is a pointer to the event control block corresponding to the event.
 562          *
 563          *              msg       is a pointer to a message.  This pointer is used by message oriented services
 564          *                        such as MAILBOXEs and QUEUEs.  The pointer is not used when called by other
 565          *                        service functions.
 566          *
 567          *              msk       is a mask that is used to clear the status byte of the TCB.  For example,
 568          *                        OSSemPost() will pass OS_STAT_SEM, OSMboxPost() will pass OS_STAT_MBOX etc.
 569          *
 570          * Returns    : none
 571          *
 572          * Note       : This function is INTERNAL to uC/OS-II and your application should not call it.
 573          *********************************************************************************************************
 574          */
 575          #if OS_EVENT_EN > 0
 576          INT8U  OS_EventTaskRdy (OS_EVENT *pevent, void *msg, INT8U msk) KCREENTRANT
 577          {
 578   1          OS_TCB *ptcb;
 579   1          INT8U   x;
 580   1          INT8U   y;
 581   1          INT8U   bitx;
 582   1          INT8U   bity;
 583   1          INT8U   prio;
 584   1      
 585   1      
 586   1          y    = OSUnMapTbl[pevent->OSEventGrp];            /* Find highest prio. task waiting for message   */
 587   1          bity = OSMapTbl[y];
C51 COMPILER V9.02   OS_CORE                                                               02/16/2017 12:44:25 PAGE 9   

 588   1          x    = OSUnMapTbl[pevent->OSEventTbl[y]];
 589   1          bitx = OSMapTbl[x];
 590   1          prio = (INT8U)((y << 3) + x);                     /* Find priority of task getting the msg         */
 591   1          if ((pevent->OSEventTbl[y] &= ~bitx) == 0x00) {   /* Remove this task from the waiting list        */
 592   2              pevent->OSEventGrp &= ~bity;                  /* Clr group bit if this was only task pending   */
 593   2          }
 594   1          ptcb                 =  OSTCBPrioTbl[prio];       /* Point to this task's OS_TCB                   */
 595   1          ptcb->OSTCBDly       =  0;                        /* Prevent OSTimeTick() from readying task       */
 596   1          ptcb->OSTCBEventPtr  = (OS_EVENT *)0;             /* Unlink ECB from this task                     */
 597   1      #if ((OS_Q_EN > 0) && (OS_MAX_QS > 0)) || (OS_MBOX_EN > 0)
 598   1          ptcb->OSTCBMsg       = msg;                       /* Send message directly to waiting task         */
 599   1      #else
 602   1          ptcb->OSTCBStat     &= ~msk;                      /* Clear bit associated with event type          */
 603   1          if (ptcb->OSTCBStat == OS_STAT_RDY) {             /* See if task is ready (could be susp'd)        */
 604   2              OSRdyGrp        |=  bity;                     /* Put task in the ready to run list             */
 605   2              OSRdyTbl[y]     |=  bitx;
 606   2          }
 607   1          return (prio);
 608   1      }
 609          #endif
 610          /*$PAGE*/
 611          /*
 612          *********************************************************************************************************
 613          *                                   MAKE TASK WAIT FOR EVENT TO OCCUR
 614          *
 615          * Description: This function is called by other uC/OS-II services to suspend a task because an event has
 616          *              not occurred.
 617          *
 618          * Arguments  : pevent   is a pointer to the event control block for which the task will be waiting for.
 619          *
 620          * Returns    : none
 621          *
 622          * Note       : This function is INTERNAL to uC/OS-II and your application should not call it.
 623          *********************************************************************************************************
 624          */
 625          #if OS_EVENT_EN > 0
 626          void  OS_EventTaskWait (OS_EVENT *pevent) KCREENTRANT
 627          {
 628   1          OSTCBCur->OSTCBEventPtr = pevent;            /* Store pointer to event control block in TCB        */
 629   1          if ((OSRdyTbl[OSTCBCur->OSTCBY] &= ~OSTCBCur->OSTCBBitX) == 0x00) {   /* Task no longer ready      */
 630   2              OSRdyGrp &= ~OSTCBCur->OSTCBBitY;        /* Clear event grp bit if this was only task pending  */
 631   2          }
 632   1          pevent->OSEventTbl[OSTCBCur->OSTCBY] |= OSTCBCur->OSTCBBitX;          /* Put task in waiting list  */
 633   1          pevent->OSEventGrp                   |= OSTCBCur->OSTCBBitY;
 634   1      }
 635          #endif
 636          /*$PAGE*/
 637          /*
 638          *********************************************************************************************************
 639          *                              MAKE TASK READY TO RUN BASED ON EVENT TIMEOUT
 640          *
 641          * Description: This function is called by other uC/OS-II services to make a task ready to run because a
 642          *              timeout occurred.
 643          *
 644          * Arguments  : pevent   is a pointer to the event control block which is readying a task.
 645          *
 646          * Returns    : none
 647          *
 648          * Note       : This function is INTERNAL to uC/OS-II and your application should not call it.
 649          *********************************************************************************************************
 650          */
 651          #if OS_EVENT_EN > 0
C51 COMPILER V9.02   OS_CORE                                                               02/16/2017 12:44:25 PAGE 10  

 652          void  OS_EventTO (OS_EVENT *pevent) KCREENTRANT
 653          {
 654   1          if ((pevent->OSEventTbl[OSTCBCur->OSTCBY] &= ~OSTCBCur->OSTCBBitX) == 0x00) {
 655   2              pevent->OSEventGrp &= ~OSTCBCur->OSTCBBitY;
 656   2          }
 657   1          OSTCBCur->OSTCBStat     = OS_STAT_RDY;       /* Set status to ready                                */
 658   1          OSTCBCur->OSTCBEventPtr = (OS_EVENT *)0;     /* No longer waiting for event                        */
 659   1      }
 660          #endif
 661          /*$PAGE*/
 662          /*
 663          *********************************************************************************************************
 664          *                                 INITIALIZE EVENT CONTROL BLOCK'S WAIT LIST
 665          *
 666          * Description: This function is called by other uC/OS-II services to initialize the event wait list.
 667          *
 668          * Arguments  : pevent    is a pointer to the event control block allocated to the event.
 669          *
 670          * Returns    : none
 671          *
 672          * Note       : This function is INTERNAL to uC/OS-II and your application should not call it.
 673          *********************************************************************************************************
 674          */
 675          #if ((OS_Q_EN > 0) && (OS_MAX_QS > 0)) || (OS_MBOX_EN > 0) || (OS_SEM_EN > 0) || (OS_MUTEX_EN > 0)
 676          void  OS_EventWaitListInit (OS_EVENT *pevent) KCREENTRANT
 677          {
 678   1          INT8U  *ptbl;
 679   1      
 680   1      
 681   1          pevent->OSEventGrp = 0x00;                   /* No task waiting on event                           */
 682   1          ptbl               = &pevent->OSEventTbl[0];
 683   1      
 684   1      #if OS_EVENT_TBL_SIZE > 0
 685   1          *ptbl++            = 0x00;
 686   1      #endif
 687   1      
 688   1      #if OS_EVENT_TBL_SIZE > 1
 689   1          *ptbl++            = 0x00;
 690   1      #endif
 691   1      
 692   1      #if OS_EVENT_TBL_SIZE > 2
 695   1      
 696   1      #if OS_EVENT_TBL_SIZE > 3
 699   1      
 700   1      #if OS_EVENT_TBL_SIZE > 4
 703   1      
 704   1      #if OS_EVENT_TBL_SIZE > 5
 707   1      
 708   1      #if OS_EVENT_TBL_SIZE > 6
 711   1      
 712   1      #if OS_EVENT_TBL_SIZE > 7
 715   1      }
 716          #endif
 717          /*$PAGE*/
 718          /*
 719          *********************************************************************************************************
 720          *                                              SCHEDULER
 721          *
 722          * Description: This function is called by other uC/OS-II services to determine whether a new, high
 723          *              priority task has been made ready to run.  This function is invoked by TASK level code
 724          *              and is not used to reschedule tasks from ISRs (see OSIntExit() for ISR rescheduling).
 725          *
C51 COMPILER V9.02   OS_CORE                                                               02/16/2017 12:44:25 PAGE 11  

 726          * Arguments  : none
 727          *
 728          * Returns    : none
 729          *
 730          * Notes      : 1) This function is INTERNAL to uC/OS-II and your application should not call it.
 731          *              2) Rescheduling is prevented when the scheduler is locked (see OSSchedLock())
 732          *********************************************************************************************************
 733          */
 734          
 735          void  OS_Sched (void) KCREENTRANT
 736          {
 737   1      #if OS_CRITICAL_METHOD == 3                            /* Allocate storage for CPU status register     */
 740   1          INT8U      y;
 741   1      
 742   1      
 743   1          OS_ENTER_CRITICAL();
 744   1          if ((OSIntNesting == 0) && (OSLockNesting == 0)) { /* Sched. only if all ISRs done & not locked    */
 745   2              y             = OSUnMapTbl[OSRdyGrp];          /* Get pointer to HPT ready to run              */
 746   2              OSPrioHighRdy = (INT8U)((y << 3) + OSUnMapTbl[OSRdyTbl[y]]);
 747   2              if (OSPrioHighRdy != OSPrioCur) {              /* No Ctx Sw if current task is highest rdy     */
 748   3                  OSTCBHighRdy = OSTCBPrioTbl[OSPrioHighRdy];
 749   3                  OSCtxSwCtr++;                              /* Increment context switch counter             */
 750   3                  OS_TASK_SW();                              /* Perform a context switch                     */
 751   3              }
 752   2          }
 753   1          OS_EXIT_CRITICAL();
 754   1      }
 755          /*$PAGE*/
 756          /*
 757          *********************************************************************************************************
 758          *                                              IDLE TASK
 759          *
 760          * Description: This task is internal to uC/OS-II and executes whenever no other higher priority tasks
 761          *              executes because they are ALL waiting for event(s) to occur.
 762          *
 763          * Arguments  : none
 764          *
 765          * Returns    : none
 766          *
 767          * Note(s)    : 1) OSTaskIdleHook() is called after the critical section to ensure that interrupts will be
 768          *                 enabled for at least a few instructions.  On some processors (ex. Philips XA), enabling
 769          *                 and then disabling interrupts didn't allow the processor enough time to have interrupts
 770          *                 enabled before they were disabled again.  uC/OS-II would thus never recognize
 771          *                 interrupts.
 772          *              2) This hook has been added to allow you to do such things as STOP the CPU to conserve 
 773          *                 power.
 774          *********************************************************************************************************
 775          */
 776          
 777          void  OS_TaskIdle (void *pdata) KCREENTRANT
 778          {
 779   1      #if OS_CRITICAL_METHOD == 3                      /* Allocate storage for CPU status register           */
 782   1          
 783   1          
 784   1          pdata = pdata;                               /* Prevent compiler warning for not using 'pdata'     */
 785   1          for (;;) {
 786   2              OS_ENTER_CRITICAL();
 787   2              OSIdleCtr++;
 788   2              OS_EXIT_CRITICAL();
 789   2              OSTaskIdleHook();                        /* Call user definable HOOK                           */
 790   2          }
 791   1      }
C51 COMPILER V9.02   OS_CORE                                                               02/16/2017 12:44:25 PAGE 12  

 792          /*$PAGE*/
 793          /*
 794          *********************************************************************************************************
 795          *                                            STATISTICS TASK
 796          *
 797          * Description: This task is internal to uC/OS-II and is used to compute some statistics about the
 798          *              multitasking environment.  Specifically, OS_TaskStat() computes the CPU usage.
 799          *              CPU usage is determined by:
 800          *
 801          *                                          OSIdleCtr
 802          *                 OSCPUUsage = 100 * (1 - ------------)     (units are in %)
 803          *                                         OSIdleCtrMax
 804          *
 805          * Arguments  : pdata     this pointer is not used at this time.
 806          *
 807          * Returns    : none
 808          *
 809          * Notes      : 1) This task runs at a priority level higher than the idle task.  In fact, it runs at the
 810          *                 next higher priority, OS_IDLE_PRIO-1.
 811          *              2) You can disable this task by setting the configuration #define OS_TASK_STAT_EN to 0.
 812          *              3) We delay for 5 seconds in the beginning to allow the system to reach steady state and
 813          *                 have all other tasks created before we do statistics.  You MUST have at least a delay
 814          *                 of 2 seconds to allow for the system to establish the maximum value for the idle
 815          *                 counter.
 816          *********************************************************************************************************
 817          */
 818          
 819          #if OS_TASK_STAT_EN > 0
 854          /*$PAGE*/
 855          /*
 856          *********************************************************************************************************
 857          *                                            INITIALIZE TCB
 858          *
 859          * Description: This function is internal to uC/OS-II and is used to initialize a Task Control Block when
 860          *              a task is created (see OSTaskCreate() and OSTaskCreateExt()).
 861          *
 862          * Arguments  : prio          is the priority of the task being created
 863          *
 864          *              ptos          is a pointer to the task's top-of-stack assuming that the CPU registers
 865          *                            have been placed on the stack.  Note that the top-of-stack corresponds to a
 866          *                            'high' memory location is OS_STK_GROWTH is set to 1 and a 'low' memory
 867          *                            location if OS_STK_GROWTH is set to 0.  Note that stack growth is CPU
 868          *                            specific.
 869          *
 870          *              pbos          is a pointer to the bottom of stack.  A NULL pointer is passed if called by
 871          *                            'OSTaskCreate()'.
 872          *
 873          *              id            is the task's ID (0..65535)
 874          *
 875          *              stk_size      is the size of the stack (in 'stack units').  If the stack units are INT8Us
 876          *                            then, 'stk_size' contains the number of bytes for the stack.  If the stack
 877          *                            units are INT32Us then, the stack contains '4 * stk_size' bytes.  The stack
 878          *                            units are established by the #define constant OS_STK which is CPU
 879          *                            specific.  'stk_size' is 0 if called by 'OSTaskCreate()'.
 880          *
 881          *              pext          is a pointer to a user supplied memory area that is used to extend the task
 882          *                            control block.  This allows you to store the contents of floating-point
 883          *                            registers, MMU registers or anything else you could find useful during a
 884          *                            context switch.  You can even assign a name to each task and store this name
 885          *                            in this TCB extension.  A NULL pointer is passed if called by OSTaskCreate().
 886          *
 887          *              opt           options as passed to 'OSTaskCreateExt()' or,
C51 COMPILER V9.02   OS_CORE                                                               02/16/2017 12:44:25 PAGE 13  

 888          *                            0 if called from 'OSTaskCreate()'.
 889          *
 890          * Returns    : OS_NO_ERR         if the call was successful
 891          *              OS_NO_MORE_TCB    if there are no more free TCBs to be allocated and thus, the task cannot
 892          *                                be created.
 893          *
 894          * Note       : This function is INTERNAL to uC/OS-II and your application should not call it.
 895          *********************************************************************************************************
 896          */
 897          
 898          INT8U  OS_TCBInit (INT8U prio, OS_STK *ptos, OS_STK *pbos, INT16U id, INT32U stk_size, void *pext, INT16U 
             -opt) KCREENTRANT
 899          {
 900   1      #if OS_CRITICAL_METHOD == 3                                /* Allocate storage for CPU status register */
 903   1          OS_TCB    *ptcb;
 904   1      
 905   1      
 906   1          OS_ENTER_CRITICAL();
 907   1          ptcb = OSTCBFreeList;                                  /* Get a free TCB from the free TCB list    */
 908   1          if (ptcb != (OS_TCB *)0) {
 909   2              OSTCBFreeList        = ptcb->OSTCBNext;            /* Update pointer to free TCB list          */
 910   2              OS_EXIT_CRITICAL();
 911   2              ptcb->OSTCBStkPtr    = ptos;                       /* Load Stack pointer in TCB                */
 912   2              ptcb->OSTCBPrio      = (INT8U)prio;                /* Load task priority into TCB              */
 913   2              ptcb->OSTCBStat      = OS_STAT_RDY;                /* Task is ready to run                     */
 914   2              ptcb->OSTCBDly       = 0;                          /* Task is not delayed                      */
 915   2      
 916   2      #if OS_TASK_CREATE_EXT_EN > 0
 923   2              pext                 = pext;                       /* Prevent compiler warning if not used     */
 924   2              stk_size             = stk_size;
 925   2              pbos                 = pbos;
 926   2              opt                  = opt;
 927   2              id                   = id;
 928   2      #endif
 929   2      
 930   2      #if OS_TASK_DEL_EN > 0
 933   2      
 934   2              ptcb->OSTCBY         = prio >> 3;                  /* Pre-compute X, Y, BitX and BitY          */
 935   2              ptcb->OSTCBBitY      = OSMapTbl[ptcb->OSTCBY];
 936   2              ptcb->OSTCBX         = prio & 0x07;
 937   2              ptcb->OSTCBBitX      = OSMapTbl[ptcb->OSTCBX];
 938   2      
 939   2      #if OS_EVENT_EN > 0
 940   2              ptcb->OSTCBEventPtr  = (OS_EVENT *)0;              /* Task is not pending on an event          */
 941   2      #endif
 942   2      
 943   2      #if (OS_VERSION >= 251) && (OS_FLAG_EN > 0) && (OS_MAX_FLAGS > 0) && (OS_TASK_DEL_EN > 0)
 946   2      
 947   2      #if (OS_MBOX_EN > 0) || ((OS_Q_EN > 0) && (OS_MAX_QS > 0))
 948   2              ptcb->OSTCBMsg       = (void *)0;                  /* No message received                      */
 949   2      #endif
 950   2      
 951   2      #if OS_VERSION >= 204
 952   2              OSTCBInitHook(ptcb);
 953   2      #endif
 954   2      
 955   2              OSTaskCreateHook(ptcb);                            /* Call user defined hook                   */
 956   2              
 957   2              OS_ENTER_CRITICAL();
 958   2              OSTCBPrioTbl[prio] = ptcb;
 959   2              ptcb->OSTCBNext    = OSTCBList;                    /* Link into TCB chain                      */
 960   2              ptcb->OSTCBPrev    = (OS_TCB *)0;
C51 COMPILER V9.02   OS_CORE                                                               02/16/2017 12:44:25 PAGE 14  

 961   2              if (OSTCBList != (OS_TCB *)0) {
 962   3                  OSTCBList->OSTCBPrev = ptcb;
 963   3              }
 964   2              OSTCBList               = ptcb;
 965   2              OSRdyGrp               |= ptcb->OSTCBBitY;         /* Make task ready to run                   */
 966   2              OSRdyTbl[ptcb->OSTCBY] |= ptcb->OSTCBBitX;
 967   2              OS_EXIT_CRITICAL();
 968   2              return (OS_NO_ERR);
 969   2          }
 970   1          OS_EXIT_CRITICAL();
 971   1          return (OS_NO_MORE_TCB);
 972   1      }


MODULE INFORMATION:   STATIC OVERLAYABLE
   CODE SIZE        =   3024    ----
   CONSTANT SIZE    =   ----    ----
   XDATA SIZE       =    642    ----
   PDATA SIZE       =   ----    ----
   DATA SIZE        =   ----    ----
   IDATA SIZE       =   ----    ----
   BIT SIZE         =   ----    ----
END OF MODULE INFORMATION.


C51 COMPILATION COMPLETE.  0 WARNING(S),  0 ERROR(S)
