C51 COMPILER V9.02   OS_FLAG                                                               02/16/2017 12:44:23 PAGE 1   


C51 COMPILER V9.02, COMPILATION OF MODULE OS_FLAG
OBJECT MODULE PLACED IN .\bin\obj\OS_FLAG.obj
COMPILER INVOKED BY: C:\Keil\C51\BIN\C51.EXE src\kernel\OS_FLAG.C LARGE WARNINGLEVEL(0) OPTIMIZE(SIZE) REGFILE(.\bin\obj
                    -\kernel.ORC) BROWSE ORDER NOAREGS INCDIR(src\include) DEBUG OBJECTEXTEND NOCOND PRINT(.\bin\lst\OS_FLAG.lst) OBJECT(.\bi
                    -n\obj\OS_FLAG.obj)

line level    source

   1          /*
   2          *********************************************************************************************************
   3          *                                                uC/OS-II
   4          *                                          The Real-Time Kernel
   5          *                                         EVENT FLAG  MANAGEMENT
   6          *
   7          *                            (c) Copyright 2001, Jean J. Labrosse, Weston, FL
   8          *                                           All Rights Reserved
   9          *
  10          * File : OS_FLAG.C
  11          * By   : Jean J. Labrosse
  12          *********************************************************************************************************
  13          */
  14          
  15          #ifndef  OS_MASTER_FILE
  16          #include "INCLUDES.H"
  17          #endif
  18          
  19          #if (OS_VERSION >= 251) && (OS_FLAG_EN > 0) && (OS_MAX_FLAGS > 0)


MODULE INFORMATION:   STATIC OVERLAYABLE
   CODE SIZE        =   ----    ----
   CONSTANT SIZE    =   ----    ----
   XDATA SIZE       =   ----    ----
   PDATA SIZE       =   ----    ----
   DATA SIZE        =   ----    ----
   IDATA SIZE       =   ----    ----
   BIT SIZE         =   ----    ----
END OF MODULE INFORMATION.


C51 COMPILATION COMPLETE.  0 WARNING(S),  0 ERROR(S)
